{"/Users/I538956/workspace/dhbw/swe/frontend/components/DownloadField/index.tsx": {"path":"/Users/I538956/workspace/dhbw/swe/frontend/components/DownloadField/index.tsx","statementMap":{"0":{"start":{"line":1,"column":32},"end":{"line":1,"column":null}},"1":{"start":{"line":2,"column":35},"end":{"line":2,"column":null}},"2":{"start":{"line":3,"column":52},"end":{"line":3,"column":null}},"3":{"start":{"line":5,"column":30},"end":{"line":5,"column":null}},"4":{"start":{"line":7,"column":46},"end":{"line":7,"column":null}},"5":{"start":{"line":17,"column":48},"end":{"line":17,"column":56}},"6":{"start":{"line":18,"column":48},"end":{"line":18,"column":56}},"7":{"start":{"line":22,"column":4},"end":{"line":31,"column":null}},"8":{"start":{"line":23,"column":17},"end":{"line":23,"column":49}},"9":{"start":{"line":24,"column":6},"end":{"line":30,"column":null}},"10":{"start":{"line":25,"column":8},"end":{"line":25,"column":48}},"11":{"start":{"line":26,"column":13},"end":{"line":30,"column":null}},"12":{"start":{"line":27,"column":8},"end":{"line":27,"column":49}},"13":{"start":{"line":29,"column":8},"end":{"line":29,"column":48}},"14":{"start":{"line":35,"column":4},"end":{"line":35,"column":30}},"15":{"start":{"line":36,"column":4},"end":{"line":36,"column":27}},"16":{"start":{"line":39,"column":2},"end":{"line":58,"column":null}},"17":{"start":{"line":41,"column":125},"end":{"line":41,"column":154}},"18":{"start":{"line":48,"column":48},"end":{"line":48,"column":58}},"19":{"start":{"line":51,"column":48},"end":{"line":51,"column":63}},"20":{"start":{"line":54,"column":48},"end":{"line":54,"column":72}},"21":{"start":{"line":62,"column":15},"end":{"line":62,"column":28}}},"fnMap":{"0":{"name":"DownloadField","decl":{"start":{"line":16,"column":9},"end":{"line":16,"column":22}},"loc":{"start":{"line":16,"column":38},"end":{"line":60,"column":null}}},"1":{"name":"saveFile","decl":{"start":{"line":21,"column":11},"end":{"line":21,"column":19}},"loc":{"start":{"line":21,"column":22},"end":{"line":32,"column":null}}},"2":{"name":"deleteAndRetry","decl":{"start":{"line":34,"column":11},"end":{"line":34,"column":25}},"loc":{"start":{"line":34,"column":28},"end":{"line":37,"column":null}}},"3":{"name":"(anonymous_4)","decl":{"start":{"line":41,"column":101},"end":{"line":41,"column":102}},"loc":{"start":{"line":41,"column":125},"end":{"line":41,"column":154}}},"4":{"name":"(anonymous_5)","decl":{"start":{"line":48,"column":42},"end":{"line":48,"column":48}},"loc":{"start":{"line":48,"column":48},"end":{"line":48,"column":58}}},"5":{"name":"(anonymous_6)","decl":{"start":{"line":51,"column":42},"end":{"line":51,"column":48}},"loc":{"start":{"line":51,"column":48},"end":{"line":51,"column":63}}},"6":{"name":"(anonymous_7)","decl":{"start":{"line":54,"column":42},"end":{"line":54,"column":48}},"loc":{"start":{"line":54,"column":48},"end":{"line":54,"column":72}}}},"branchMap":{"0":{"loc":{"start":{"line":22,"column":4},"end":{"line":31,"column":null}},"type":"if","locations":[{"start":{"line":22,"column":4},"end":{"line":31,"column":null}}]},"1":{"loc":{"start":{"line":24,"column":6},"end":{"line":30,"column":null}},"type":"if","locations":[{"start":{"line":24,"column":6},"end":{"line":30,"column":null}},{"start":{"line":26,"column":13},"end":{"line":30,"column":null}}]},"2":{"loc":{"start":{"line":26,"column":13},"end":{"line":30,"column":null}},"type":"if","locations":[{"start":{"line":26,"column":13},"end":{"line":30,"column":null}},{"start":{"line":28,"column":13},"end":{"line":30,"column":null}}]},"3":{"loc":{"start":{"line":41,"column":7},"end":{"line":41,"column":null}},"type":"binary-expr","locations":[{"start":{"line":41,"column":7},"end":{"line":41,"column":22}},{"start":{"line":41,"column":26},"end":{"line":41,"column":null}}]}},"s":{"0":2,"1":2,"2":2,"3":2,"4":2,"5":9,"6":9,"7":2,"8":0,"9":0,"10":0,"11":0,"12":0,"13":0,"14":1,"15":1,"16":9,"17":1,"18":2,"19":1,"20":2,"21":2},"f":{"0":9,"1":2,"2":1,"3":1,"4":2,"5":1,"6":2},"b":{"0":[0],"1":[0,0],"2":[0,0],"3":[9,2]}}
,"/Users/I538956/workspace/dhbw/swe/frontend/components/SideBar/index.tsx": {"path":"/Users/I538956/workspace/dhbw/swe/frontend/components/SideBar/index.tsx","statementMap":{"0":{"start":{"line":1,"column":33},"end":{"line":1,"column":null}},"1":{"start":{"line":2,"column":38},"end":{"line":2,"column":null}},"2":{"start":{"line":3,"column":46},"end":{"line":3,"column":null}},"3":{"start":{"line":19,"column":4},"end":{"line":19,"column":17}},"4":{"start":{"line":21,"column":4},"end":{"line":24,"column":6}},"5":{"start":{"line":28,"column":4},"end":{"line":30,"column":8}},"6":{"start":{"line":28,"column":30},"end":{"line":30,"column":6}},"7":{"start":{"line":34,"column":4},"end":{"line":34,"column":36}},"8":{"start":{"line":38,"column":24},"end":{"line":38,"column":26}},"9":{"start":{"line":39,"column":26},"end":{"line":39,"column":32}},"10":{"start":{"line":41,"column":6},"end":{"line":43,"column":12}},"11":{"start":{"line":46,"column":6},"end":{"line":48,"column":12}},"12":{"start":{"line":51,"column":4},"end":{"line":62,"column":null}},"13":{"start":{"line":53,"column":120},"end":{"line":53,"column":138}},"14":{"start":{"line":58,"column":12},"end":{"line":58,"column":35}},"15":{"start":{"line":58,"column":50},"end":{"line":58,"column":75}},"16":{"start":{"line":67,"column":15},"end":{"line":67,"column":22}}},"fnMap":{"0":{"name":"(anonymous_1)","decl":{"start":{"line":18,"column":2},"end":{"line":18,"column":14}},"loc":{"start":{"line":18,"column":26},"end":{"line":25,"column":null}}},"1":{"name":"(anonymous_2)","decl":{"start":{"line":27,"column":2},"end":{"line":27,"column":13}},"loc":{"start":{"line":27,"column":22},"end":{"line":31,"column":null}}},"2":{"name":"(anonymous_3)","decl":{"start":{"line":28,"column":18},"end":{"line":28,"column":19}},"loc":{"start":{"line":28,"column":30},"end":{"line":30,"column":6}}},"3":{"name":"(anonymous_4)","decl":{"start":{"line":33,"column":2},"end":{"line":33,"column":9}},"loc":{"start":{"line":33,"column":30},"end":{"line":35,"column":null}}},"4":{"name":"(anonymous_5)","decl":{"start":{"line":37,"column":2},"end":{"line":37,"column":8}},"loc":{"start":{"line":37,"column":11},"end":{"line":64,"column":null}}},"5":{"name":"(anonymous_6)","decl":{"start":{"line":53,"column":114},"end":{"line":53,"column":120}},"loc":{"start":{"line":53,"column":120},"end":{"line":53,"column":138}}},"6":{"name":"(anonymous_7)","decl":{"start":{"line":57,"column":37},"end":{"line":57,"column":38}},"loc":{"start":{"line":58,"column":12},"end":{"line":58,"column":35}}},"7":{"name":"(anonymous_8)","decl":{"start":{"line":58,"column":44},"end":{"line":58,"column":50}},"loc":{"start":{"line":58,"column":50},"end":{"line":58,"column":75}}}},"branchMap":{"0":{"loc":{"start":{"line":52,"column":74},"end":{"line":52,"column":104}},"type":"cond-expr","locations":[{"start":{"line":52,"column":93},"end":{"line":52,"column":96}},{"start":{"line":52,"column":99},"end":{"line":52,"column":104}}]},"1":{"loc":{"start":{"line":53,"column":42},"end":{"line":53,"column":67}},"type":"cond-expr","locations":[{"start":{"line":53,"column":61},"end":{"line":53,"column":63}},{"start":{"line":53,"column":66},"end":{"line":53,"column":67}}]},"2":{"loc":{"start":{"line":54,"column":11},"end":{"line":54,"column":47}},"type":"cond-expr","locations":[{"start":{"line":54,"column":30},"end":{"line":54,"column":35}},{"start":{"line":54,"column":38},"end":{"line":54,"column":47}}]},"3":{"loc":{"start":{"line":56,"column":9},"end":{"line":61,"column":12}},"type":"binary-expr","locations":[{"start":{"line":56,"column":9},"end":{"line":56,"column":40}},{"start":{"line":57,"column":10},"end":{"line":61,"column":12}}]}},"s":{"0":2,"1":2,"2":2,"3":2,"4":2,"5":0,"6":0,"7":0,"8":2,"9":2,"10":2,"11":2,"12":2,"13":0,"14":4,"15":0,"16":2},"f":{"0":2,"1":0,"2":0,"3":0,"4":2,"5":0,"6":4,"7":0},"b":{"0":[2,0],"1":[2,0],"2":[2,0],"3":[2,2]}}
,"/Users/I538956/workspace/dhbw/swe/frontend/pages/index.tsx": {"path":"/Users/I538956/workspace/dhbw/swe/frontend/pages/index.tsx","statementMap":{"0":{"start":{"line":99,"column":22},"end":{"line":99,"column":43}},"1":{"start":{"line":2,"column":28},"end":{"line":2,"column":null}},"2":{"start":{"line":3,"column":39},"end":{"line":3,"column":null}},"3":{"start":{"line":4,"column":39},"end":{"line":4,"column":null}},"4":{"start":{"line":6,"column":113},"end":{"line":6,"column":null}},"5":{"start":{"line":7,"column":41},"end":{"line":7,"column":null}},"6":{"start":{"line":8,"column":49},"end":{"line":8,"column":null}},"7":{"start":{"line":9,"column":39},"end":{"line":9,"column":null}},"8":{"start":{"line":11,"column":32},"end":{"line":11,"column":null}},"9":{"start":{"line":20,"column":31},"end":{"line":95,"column":1}},"10":{"start":{"line":21,"column":29},"end":{"line":21,"column":65}},"11":{"start":{"line":21,"column":49},"end":{"line":21,"column":64}},"12":{"start":{"line":22,"column":44},"end":{"line":22,"column":52}},"13":{"start":{"line":23,"column":43},"end":{"line":23,"column":45}},"14":{"start":{"line":24,"column":68},"end":{"line":24,"column":76}},"15":{"start":{"line":26,"column":2},"end":{"line":28,"column":null}},"16":{"start":{"line":27,"column":4},"end":{"line":27,"column":29}},"17":{"start":{"line":31,"column":14},"end":{"line":31,"column":18}},"18":{"start":{"line":32,"column":4},"end":{"line":36,"column":null}},"19":{"start":{"line":33,"column":6},"end":{"line":33,"column":121}},"20":{"start":{"line":35,"column":6},"end":{"line":35,"column":27}},"21":{"start":{"line":38,"column":48},"end":{"line":38,"column":65}},"22":{"start":{"line":39,"column":44},"end":{"line":39,"column":89}},"23":{"start":{"line":40,"column":4},"end":{"line":40,"column":50}},"24":{"start":{"line":42,"column":15},"end":{"line":42,"column":19}},"25":{"start":{"line":43,"column":4},"end":{"line":54,"column":null}},"26":{"start":{"line":44,"column":6},"end":{"line":49,"column":9}},"27":{"start":{"line":53,"column":6},"end":{"line":53,"column":13}},"28":{"start":{"line":56,"column":4},"end":{"line":58,"column":null}},"29":{"start":{"line":57,"column":6},"end":{"line":57,"column":34}},"30":{"start":{"line":63,"column":2},"end":{"line":76,"column":null}},"31":{"start":{"line":64,"column":4},"end":{"line":75,"column":null}},"32":{"start":{"line":65,"column":40},"end":{"line":65,"column":79}},"33":{"start":{"line":67,"column":6},"end":{"line":74,"column":null}},"34":{"start":{"line":68,"column":8},"end":{"line":68,"column":37}},"35":{"start":{"line":69,"column":8},"end":{"line":71,"column":11}},"36":{"start":{"line":70,"column":10},"end":{"line":70,"column":30}},"37":{"start":{"line":73,"column":8},"end":{"line":73,"column":39}},"38":{"start":{"line":79,"column":4},"end":{"line":79,"column":23}},"39":{"start":{"line":80,"column":4},"end":{"line":80,"column":47}},"40":{"start":{"line":80,"column":24},"end":{"line":80,"column":47}},"41":{"start":{"line":84,"column":2},"end":{"line":93,"column":null}},"42":{"start":{"line":92,"column":217},"end":{"line":92,"column":243}},"43":{"start":{"line":97,"column":15},"end":{"line":97,"column":19}},"44":{"start":{"line":102,"column":2},"end":{"line":110,"column":null}},"45":{"start":{"line":103,"column":4},"end":{"line":103,"column":80}},"46":{"start":{"line":105,"column":4},"end":{"line":109,"column":null}},"47":{"start":{"line":106,"column":6},"end":{"line":106,"column":53}},"48":{"start":{"line":108,"column":6},"end":{"line":108,"column":121}},"49":{"start":{"line":112,"column":23},"end":{"line":112,"column":45}},"50":{"start":{"line":114,"column":2},"end":{"line":116,"column":null}},"51":{"start":{"line":115,"column":4},"end":{"line":115,"column":103}},"52":{"start":{"line":119,"column":2},"end":{"line":121,"column":null}},"53":{"start":{"line":120,"column":4},"end":{"line":120,"column":117}},"54":{"start":{"line":123,"column":2},"end":{"line":129,"column":4}},"55":{"start":{"line":133,"column":2},"end":{"line":137,"column":4}},"56":{"start":{"line":141,"column":2},"end":{"line":146,"column":4}},"57":{"start":{"line":150,"column":2},"end":{"line":167,"column":4}},"58":{"start":{"line":171,"column":23},"end":{"line":171,"column":62}},"59":{"start":{"line":171,"column":43},"end":{"line":171,"column":61}},"60":{"start":{"line":172,"column":26},"end":{"line":172,"column":68}},"61":{"start":{"line":172,"column":46},"end":{"line":172,"column":67}},"62":{"start":{"line":173,"column":23},"end":{"line":173,"column":62}},"63":{"start":{"line":173,"column":43},"end":{"line":173,"column":61}},"64":{"start":{"line":174,"column":25},"end":{"line":174,"column":66}},"65":{"start":{"line":174,"column":45},"end":{"line":174,"column":65}},"66":{"start":{"line":175,"column":32},"end":{"line":175,"column":80}},"67":{"start":{"line":175,"column":52},"end":{"line":175,"column":79}},"68":{"start":{"line":178,"column":4},"end":{"line":178,"column":24}},"69":{"start":{"line":180,"column":4},"end":{"line":180,"column":33}},"70":{"start":{"line":183,"column":2},"end":{"line":183,"column":38}},"71":{"start":{"line":184,"column":2},"end":{"line":184,"column":75}},"72":{"start":{"line":185,"column":2},"end":{"line":185,"column":27}},"73":{"start":{"line":186,"column":2},"end":{"line":186,"column":38}},"74":{"start":{"line":187,"column":2},"end":{"line":187,"column":21}},"75":{"start":{"line":191,"column":28},"end":{"line":191,"column":93}},"76":{"start":{"line":191,"column":79},"end":{"line":191,"column":92}},"77":{"start":{"line":192,"column":30},"end":{"line":192,"column":84}},"78":{"start":{"line":192,"column":60},"end":{"line":192,"column":83}},"79":{"start":{"line":194,"column":2},"end":{"line":196,"column":null}},"80":{"start":{"line":195,"column":4},"end":{"line":195,"column":16}},"81":{"start":{"line":198,"column":2},"end":{"line":198,"column":36}}},"fnMap":{"0":{"name":"(anonymous_1)","decl":{"start":{"line":20,"column":31},"end":{"line":20,"column":32}},"loc":{"start":{"line":20,"column":50},"end":{"line":95,"column":1}}},"1":{"name":"(anonymous_2)","decl":{"start":{"line":21,"column":38},"end":{"line":21,"column":39}},"loc":{"start":{"line":21,"column":49},"end":{"line":21,"column":64}}},"2":{"name":"getDownloadImage","decl":{"start":{"line":30,"column":17},"end":{"line":30,"column":33}},"loc":{"start":{"line":30,"column":36},"end":{"line":60,"column":null}}},"3":{"name":"(anonymous_4)","decl":{"start":{"line":69,"column":32},"end":{"line":69,"column":38}},"loc":{"start":{"line":69,"column":38},"end":{"line":71,"column":10}}},"4":{"name":"handleError","decl":{"start":{"line":78,"column":11},"end":{"line":78,"column":22}},"loc":{"start":{"line":78,"column":38},"end":{"line":82,"column":null}}},"5":{"name":"(anonymous_6)","decl":{"start":{"line":92,"column":196},"end":{"line":92,"column":197}},"loc":{"start":{"line":92,"column":217},"end":{"line":92,"column":243}}},"6":{"name":"getServerSideProps","decl":{"start":{"line":99,"column":22},"end":{"line":99,"column":40}},"loc":{"start":{"line":99,"column":43},"end":{"line":130,"column":null}}},"7":{"name":"parseActions","decl":{"start":{"line":132,"column":9},"end":{"line":132,"column":21}},"loc":{"start":{"line":132,"column":60},"end":{"line":138,"column":null}}},"8":{"name":"returnPropsForOnError","decl":{"start":{"line":140,"column":9},"end":{"line":140,"column":30}},"loc":{"start":{"line":140,"column":56},"end":{"line":147,"column":null}}},"9":{"name":"getMockDataForOnError","decl":{"start":{"line":149,"column":9},"end":{"line":149,"column":30}},"loc":{"start":{"line":149,"column":49},"end":{"line":168,"column":null}}},"10":{"name":"initModalForError","decl":{"start":{"line":170,"column":9},"end":{"line":170,"column":26}},"loc":{"start":{"line":170,"column":42},"end":{"line":188,"column":null}}},"11":{"name":"(anonymous_12)","decl":{"start":{"line":171,"column":32},"end":{"line":171,"column":33}},"loc":{"start":{"line":171,"column":43},"end":{"line":171,"column":61}}},"12":{"name":"(anonymous_13)","decl":{"start":{"line":172,"column":35},"end":{"line":172,"column":36}},"loc":{"start":{"line":172,"column":46},"end":{"line":172,"column":67}}},"13":{"name":"(anonymous_14)","decl":{"start":{"line":173,"column":32},"end":{"line":173,"column":33}},"loc":{"start":{"line":173,"column":43},"end":{"line":173,"column":61}}},"14":{"name":"(anonymous_15)","decl":{"start":{"line":174,"column":34},"end":{"line":174,"column":35}},"loc":{"start":{"line":174,"column":45},"end":{"line":174,"column":65}}},"15":{"name":"(anonymous_16)","decl":{"start":{"line":175,"column":41},"end":{"line":175,"column":42}},"loc":{"start":{"line":175,"column":52},"end":{"line":175,"column":79}}},"16":{"name":"handleReload","decl":{"start":{"line":177,"column":11},"end":{"line":177,"column":23}},"loc":{"start":{"line":177,"column":26},"end":{"line":181,"column":null}}},"17":{"name":"getSessionIdCookieIfAvailable","decl":{"start":{"line":190,"column":9},"end":{"line":190,"column":38}},"loc":{"start":{"line":190,"column":69},"end":{"line":199,"column":null}}},"18":{"name":"(anonymous_19)","decl":{"start":{"line":191,"column":59},"end":{"line":191,"column":60}},"loc":{"start":{"line":191,"column":79},"end":{"line":191,"column":92}}},"19":{"name":"(anonymous_20)","decl":{"start":{"line":192,"column":45},"end":{"line":192,"column":46}},"loc":{"start":{"line":192,"column":60},"end":{"line":192,"column":83}}}},"branchMap":{"0":{"loc":{"start":{"line":26,"column":2},"end":{"line":28,"column":null}},"type":"if","locations":[{"start":{"line":26,"column":2},"end":{"line":28,"column":null}}]},"1":{"loc":{"start":{"line":56,"column":4},"end":{"line":58,"column":null}},"type":"if","locations":[{"start":{"line":56,"column":4},"end":{"line":58,"column":null}}]},"2":{"loc":{"start":{"line":63,"column":2},"end":{"line":76,"column":null}},"type":"if","locations":[{"start":{"line":63,"column":2},"end":{"line":76,"column":null}}]},"3":{"loc":{"start":{"line":64,"column":4},"end":{"line":75,"column":null}},"type":"if","locations":[{"start":{"line":64,"column":4},"end":{"line":75,"column":null}}]},"4":{"loc":{"start":{"line":67,"column":6},"end":{"line":74,"column":null}},"type":"if","locations":[{"start":{"line":67,"column":6},"end":{"line":74,"column":null}},{"start":{"line":72,"column":13},"end":{"line":74,"column":null}}]},"5":{"loc":{"start":{"line":80,"column":4},"end":{"line":80,"column":47}},"type":"if","locations":[{"start":{"line":80,"column":4},"end":{"line":80,"column":47}}]},"6":{"loc":{"start":{"line":91,"column":7},"end":{"line":91,"column":33}},"type":"binary-expr","locations":[{"start":{"line":91,"column":7},"end":{"line":91,"column":20}},{"start":{"line":91,"column":24},"end":{"line":91,"column":33}}]},"7":{"loc":{"start":{"line":92,"column":7},"end":{"line":92,"column":null}},"type":"binary-expr","locations":[{"start":{"line":92,"column":7},"end":{"line":92,"column":21}},{"start":{"line":92,"column":25},"end":{"line":92,"column":null}}]},"8":{"loc":{"start":{"line":92,"column":45},"end":{"line":92,"column":117}},"type":"cond-expr","locations":[{"start":{"line":92,"column":79},"end":{"line":92,"column":96}},{"start":{"line":92,"column":99},"end":{"line":92,"column":117}}]},"9":{"loc":{"start":{"line":105,"column":4},"end":{"line":109,"column":null}},"type":"if","locations":[{"start":{"line":105,"column":4},"end":{"line":109,"column":null}},{"start":{"line":107,"column":11},"end":{"line":109,"column":null}}]},"10":{"loc":{"start":{"line":114,"column":2},"end":{"line":116,"column":null}},"type":"if","locations":[{"start":{"line":114,"column":2},"end":{"line":116,"column":null}}]},"11":{"loc":{"start":{"line":120,"column":18},"end":{"line":120,"column":116}},"type":"cond-expr","locations":[{"start":{"line":120,"column":38},"end":{"line":120,"column":64}},{"start":{"line":120,"column":67},"end":{"line":120,"column":116}}]},"12":{"loc":{"start":{"line":136,"column":12},"end":{"line":136,"column":83}},"type":"cond-expr","locations":[{"start":{"line":136,"column":45},"end":{"line":136,"column":78}},{"start":{"line":136,"column":81},"end":{"line":136,"column":83}}]},"13":{"loc":{"start":{"line":194,"column":2},"end":{"line":196,"column":null}},"type":"if","locations":[{"start":{"line":194,"column":2},"end":{"line":196,"column":null}}]}},"s":{"0":1,"1":1,"2":1,"3":1,"4":1,"5":1,"6":1,"7":1,"8":1,"9":1,"10":3,"11":3,"12":3,"13":3,"14":3,"15":3,"16":2,"17":0,"18":0,"19":0,"20":0,"21":0,"22":0,"23":0,"24":0,"25":0,"26":0,"27":0,"28":0,"29":0,"30":3,"31":3,"32":3,"33":3,"34":0,"35":0,"36":0,"37":3,"38":2,"39":2,"40":1,"41":3,"42":0,"43":1,"44":0,"45":0,"46":0,"47":0,"48":0,"49":0,"50":0,"51":0,"52":0,"53":0,"54":0,"55":0,"56":0,"57":0,"58":0,"59":0,"60":0,"61":0,"62":0,"63":0,"64":0,"65":0,"66":0,"67":0,"68":0,"69":0,"70":0,"71":0,"72":0,"73":0,"74":0,"75":3,"76":3,"77":3,"78":3,"79":3,"80":3,"81":0},"f":{"0":3,"1":3,"2":0,"3":0,"4":2,"5":0,"6":0,"7":0,"8":0,"9":0,"10":0,"11":0,"12":0,"13":0,"14":0,"15":0,"16":0,"17":3,"18":3,"19":3},"b":{"0":[2],"1":[0],"2":[3],"3":[3],"4":[0,3],"5":[1],"6":[3,1],"7":[3,2],"8":[2,0],"9":[0,0],"10":[0],"11":[0,0],"12":[0,0],"13":[3]}}
,"/Users/I538956/workspace/dhbw/swe/frontend/utils/axiosInterceptor.ts": {"path":"/Users/I538956/workspace/dhbw/swe/frontend/utils/axiosInterceptor.ts","statementMap":{"0":{"start":{"line":1,"column":25},"end":{"line":1,"column":null}},"1":{"start":{"line":2,"column":23},"end":{"line":2,"column":null}},"2":{"start":{"line":3,"column":39},"end":{"line":3,"column":null}},"3":{"start":{"line":4,"column":41},"end":{"line":4,"column":null}},"4":{"start":{"line":9,"column":17},"end":{"line":9,"column":21}},"5":{"start":{"line":11,"column":2},"end":{"line":40,"column":null}},"6":{"start":{"line":12,"column":4},"end":{"line":20,"column":null}},"7":{"start":{"line":13,"column":6},"end":{"line":13,"column":39}},"8":{"start":{"line":15,"column":6},"end":{"line":19,"column":null}},"9":{"start":{"line":16,"column":8},"end":{"line":16,"column":20}},"10":{"start":{"line":18,"column":8},"end":{"line":18,"column":113}},"11":{"start":{"line":22,"column":16},"end":{"line":22,"column":45}},"12":{"start":{"line":23,"column":18},"end":{"line":25,"column":6}},"13":{"start":{"line":26,"column":4},"end":{"line":30,"column":7}},"14":{"start":{"line":29,"column":6},"end":{"line":29,"column":21}},"15":{"start":{"line":31,"column":4},"end":{"line":39,"column":null}},"16":{"start":{"line":32,"column":6},"end":{"line":32,"column":39}},"17":{"start":{"line":34,"column":6},"end":{"line":38,"column":null}},"18":{"start":{"line":35,"column":8},"end":{"line":35,"column":20}},"19":{"start":{"line":37,"column":8},"end":{"line":37,"column":113}},"20":{"start":{"line":42,"column":2},"end":{"line":42,"column":18}},"21":{"start":{"line":6,"column":9},"end":{"line":6,"column":32}},"22":{"start":{"line":46,"column":2},"end":{"line":46,"column":40}},"23":{"start":{"line":6,"column":32},"end":{"line":6,"column":56}},"24":{"start":{"line":68,"column":2},"end":{"line":76,"column":null}},"25":{"start":{"line":69,"column":4},"end":{"line":69,"column":30}},"26":{"start":{"line":71,"column":4},"end":{"line":75,"column":null}},"27":{"start":{"line":72,"column":6},"end":{"line":72,"column":18}},"28":{"start":{"line":74,"column":6},"end":{"line":74,"column":101}},"29":{"start":{"line":77,"column":2},"end":{"line":77,"column":13}},"30":{"start":{"line":6,"column":56},"end":{"line":6,"column":null}}},"fnMap":{"0":{"name":"axiosGetIpInterceptor","decl":{"start":{"line":8,"column":15},"end":{"line":8,"column":36}},"loc":{"start":{"line":8,"column":65},"end":{"line":43,"column":null}}},"1":{"name":"(anonymous_2)","decl":{"start":{"line":26,"column":35},"end":{"line":26,"column":36}},"loc":{"start":{"line":26,"column":48},"end":{"line":30,"column":6}}},"2":{"name":"axiosPostIpInterceptor","decl":{"start":{"line":45,"column":15},"end":{"line":45,"column":37}},"loc":{"start":{"line":45,"column":88},"end":{"line":64,"column":null}}},"3":{"name":"axiosObjectInterceptor","decl":{"start":{"line":66,"column":15},"end":{"line":66,"column":37}},"loc":{"start":{"line":66,"column":65},"end":{"line":78,"column":null}}}},"branchMap":{"0":{"loc":{"start":{"line":11,"column":2},"end":{"line":40,"column":null}},"type":"if","locations":[{"start":{"line":11,"column":2},"end":{"line":40,"column":null}},{"start":{"line":21,"column":9},"end":{"line":40,"column":null}}]},"1":{"loc":{"start":{"line":15,"column":6},"end":{"line":19,"column":null}},"type":"if","locations":[{"start":{"line":15,"column":6},"end":{"line":19,"column":null}},{"start":{"line":17,"column":13},"end":{"line":19,"column":null}}]},"2":{"loc":{"start":{"line":34,"column":6},"end":{"line":38,"column":null}},"type":"if","locations":[{"start":{"line":34,"column":6},"end":{"line":38,"column":null}},{"start":{"line":36,"column":13},"end":{"line":38,"column":null}}]},"3":{"loc":{"start":{"line":71,"column":4},"end":{"line":75,"column":null}},"type":"if","locations":[{"start":{"line":71,"column":4},"end":{"line":75,"column":null}},{"start":{"line":73,"column":11},"end":{"line":75,"column":null}}]}},"s":{"0":1,"1":1,"2":1,"3":1,"4":0,"5":0,"6":0,"7":0,"8":0,"9":0,"10":0,"11":0,"12":0,"13":0,"14":0,"15":0,"16":0,"17":0,"18":0,"19":0,"20":0,"21":1,"22":0,"23":1,"24":0,"25":0,"26":0,"27":0,"28":0,"29":0,"30":1},"f":{"0":0,"1":0,"2":0,"3":0},"b":{"0":[0,0],"1":[0,0],"2":[0,0],"3":[0,0]}}
}
