{"/Users/I538956/workspace/dhbw/swe/frontend/pages/index.tsx": {"path":"/Users/I538956/workspace/dhbw/swe/frontend/pages/index.tsx","statementMap":{"0":{"start":{"line":56,"column":22},"end":{"line":56,"column":43}},"1":{"start":{"line":2,"column":28},"end":{"line":2,"column":null}},"2":{"start":{"line":3,"column":39},"end":{"line":3,"column":null}},"3":{"start":{"line":4,"column":39},"end":{"line":4,"column":null}},"4":{"start":{"line":6,"column":65},"end":{"line":6,"column":null}},"5":{"start":{"line":7,"column":41},"end":{"line":7,"column":null}},"6":{"start":{"line":8,"column":49},"end":{"line":8,"column":null}},"7":{"start":{"line":9,"column":39},"end":{"line":9,"column":null}},"8":{"start":{"line":11,"column":32},"end":{"line":11,"column":null}},"9":{"start":{"line":20,"column":31},"end":{"line":52,"column":1}},"10":{"start":{"line":21,"column":29},"end":{"line":21,"column":65}},"11":{"start":{"line":21,"column":49},"end":{"line":21,"column":64}},"12":{"start":{"line":22,"column":44},"end":{"line":22,"column":52}},"13":{"start":{"line":24,"column":2},"end":{"line":26,"column":null}},"14":{"start":{"line":25,"column":4},"end":{"line":25,"column":29}},"15":{"start":{"line":28,"column":2},"end":{"line":33,"column":null}},"16":{"start":{"line":29,"column":4},"end":{"line":29,"column":35}},"17":{"start":{"line":36,"column":4},"end":{"line":36,"column":32}},"18":{"start":{"line":37,"column":4},"end":{"line":37,"column":47}},"19":{"start":{"line":37,"column":24},"end":{"line":37,"column":47}},"20":{"start":{"line":41,"column":2},"end":{"line":50,"column":null}},"21":{"start":{"line":49,"column":162},"end":{"line":49,"column":180}},"22":{"start":{"line":54,"column":15},"end":{"line":54,"column":19}},"23":{"start":{"line":57,"column":40},"end":{"line":57,"column":42}},"24":{"start":{"line":59,"column":29},"end":{"line":59,"column":31}},"25":{"start":{"line":60,"column":58},"end":{"line":60,"column":60}},"26":{"start":{"line":62,"column":2},"end":{"line":79,"column":null}},"27":{"start":{"line":64,"column":4},"end":{"line":72,"column":null}},"28":{"start":{"line":65,"column":6},"end":{"line":65,"column":69}},"29":{"start":{"line":67,"column":6},"end":{"line":71,"column":null}},"30":{"start":{"line":68,"column":8},"end":{"line":68,"column":55}},"31":{"start":{"line":70,"column":8},"end":{"line":70,"column":123}},"32":{"start":{"line":74,"column":4},"end":{"line":74,"column":74}},"33":{"start":{"line":75,"column":4},"end":{"line":75,"column":53}},"34":{"start":{"line":76,"column":4},"end":{"line":76,"column":91}},"35":{"start":{"line":78,"column":4},"end":{"line":78,"column":19}},"36":{"start":{"line":81,"column":2},"end":{"line":83,"column":null}},"37":{"start":{"line":82,"column":4},"end":{"line":82,"column":103}},"38":{"start":{"line":86,"column":2},"end":{"line":88,"column":null}},"39":{"start":{"line":87,"column":4},"end":{"line":87,"column":110}},"40":{"start":{"line":90,"column":2},"end":{"line":96,"column":4}},"41":{"start":{"line":100,"column":2},"end":{"line":105,"column":4}},"42":{"start":{"line":109,"column":2},"end":{"line":126,"column":4}},"43":{"start":{"line":130,"column":23},"end":{"line":130,"column":62}},"44":{"start":{"line":130,"column":43},"end":{"line":130,"column":61}},"45":{"start":{"line":131,"column":26},"end":{"line":131,"column":68}},"46":{"start":{"line":131,"column":46},"end":{"line":131,"column":67}},"47":{"start":{"line":132,"column":23},"end":{"line":132,"column":62}},"48":{"start":{"line":132,"column":43},"end":{"line":132,"column":61}},"49":{"start":{"line":133,"column":25},"end":{"line":133,"column":66}},"50":{"start":{"line":133,"column":45},"end":{"line":133,"column":65}},"51":{"start":{"line":134,"column":32},"end":{"line":134,"column":80}},"52":{"start":{"line":134,"column":52},"end":{"line":134,"column":79}},"53":{"start":{"line":137,"column":4},"end":{"line":137,"column":24}},"54":{"start":{"line":139,"column":4},"end":{"line":139,"column":33}},"55":{"start":{"line":142,"column":2},"end":{"line":142,"column":38}},"56":{"start":{"line":143,"column":2},"end":{"line":143,"column":75}},"57":{"start":{"line":144,"column":2},"end":{"line":144,"column":27}},"58":{"start":{"line":145,"column":2},"end":{"line":145,"column":38}},"59":{"start":{"line":146,"column":2},"end":{"line":146,"column":21}}},"fnMap":{"0":{"name":"(anonymous_1)","decl":{"start":{"line":20,"column":31},"end":{"line":20,"column":32}},"loc":{"start":{"line":20,"column":50},"end":{"line":52,"column":1}}},"1":{"name":"(anonymous_2)","decl":{"start":{"line":21,"column":38},"end":{"line":21,"column":39}},"loc":{"start":{"line":21,"column":49},"end":{"line":21,"column":64}}},"2":{"name":"handleError","decl":{"start":{"line":35,"column":11},"end":{"line":35,"column":22}},"loc":{"start":{"line":35,"column":40},"end":{"line":39,"column":null}}},"3":{"name":"(anonymous_4)","decl":{"start":{"line":49,"column":141},"end":{"line":49,"column":142}},"loc":{"start":{"line":49,"column":162},"end":{"line":49,"column":180}}},"4":{"name":"getServerSideProps","decl":{"start":{"line":56,"column":22},"end":{"line":56,"column":40}},"loc":{"start":{"line":56,"column":43},"end":{"line":97,"column":null}}},"5":{"name":"returnPropsForOnError","decl":{"start":{"line":99,"column":9},"end":{"line":99,"column":30}},"loc":{"start":{"line":99,"column":56},"end":{"line":106,"column":null}}},"6":{"name":"getMockDataForOnError","decl":{"start":{"line":108,"column":9},"end":{"line":108,"column":30}},"loc":{"start":{"line":108,"column":49},"end":{"line":127,"column":null}}},"7":{"name":"initModalForError","decl":{"start":{"line":129,"column":9},"end":{"line":129,"column":26}},"loc":{"start":{"line":129,"column":42},"end":{"line":147,"column":null}}},"8":{"name":"(anonymous_9)","decl":{"start":{"line":130,"column":32},"end":{"line":130,"column":33}},"loc":{"start":{"line":130,"column":43},"end":{"line":130,"column":61}}},"9":{"name":"(anonymous_10)","decl":{"start":{"line":131,"column":35},"end":{"line":131,"column":36}},"loc":{"start":{"line":131,"column":46},"end":{"line":131,"column":67}}},"10":{"name":"(anonymous_11)","decl":{"start":{"line":132,"column":32},"end":{"line":132,"column":33}},"loc":{"start":{"line":132,"column":43},"end":{"line":132,"column":61}}},"11":{"name":"(anonymous_12)","decl":{"start":{"line":133,"column":34},"end":{"line":133,"column":35}},"loc":{"start":{"line":133,"column":45},"end":{"line":133,"column":65}}},"12":{"name":"(anonymous_13)","decl":{"start":{"line":134,"column":41},"end":{"line":134,"column":42}},"loc":{"start":{"line":134,"column":52},"end":{"line":134,"column":79}}},"13":{"name":"handleReload","decl":{"start":{"line":136,"column":11},"end":{"line":136,"column":23}},"loc":{"start":{"line":136,"column":26},"end":{"line":140,"column":null}}}},"branchMap":{"0":{"loc":{"start":{"line":24,"column":2},"end":{"line":26,"column":null}},"type":"if","locations":[{"start":{"line":24,"column":2},"end":{"line":26,"column":null}}]},"1":{"loc":{"start":{"line":28,"column":2},"end":{"line":33,"column":null}},"type":"if","locations":[{"start":{"line":28,"column":2},"end":{"line":33,"column":null}}]},"2":{"loc":{"start":{"line":37,"column":4},"end":{"line":37,"column":47}},"type":"if","locations":[{"start":{"line":37,"column":4},"end":{"line":37,"column":47}}]},"3":{"loc":{"start":{"line":48,"column":7},"end":{"line":48,"column":33}},"type":"binary-expr","locations":[{"start":{"line":48,"column":7},"end":{"line":48,"column":20}},{"start":{"line":48,"column":24},"end":{"line":48,"column":33}}]},"4":{"loc":{"start":{"line":49,"column":7},"end":{"line":49,"column":null}},"type":"binary-expr","locations":[{"start":{"line":49,"column":7},"end":{"line":49,"column":21}},{"start":{"line":49,"column":25},"end":{"line":49,"column":null}}]},"5":{"loc":{"start":{"line":67,"column":6},"end":{"line":71,"column":null}},"type":"if","locations":[{"start":{"line":67,"column":6},"end":{"line":71,"column":null}},{"start":{"line":69,"column":13},"end":{"line":71,"column":null}}]},"6":{"loc":{"start":{"line":76,"column":19},"end":{"line":76,"column":90}},"type":"cond-expr","locations":[{"start":{"line":76,"column":52},"end":{"line":76,"column":85}},{"start":{"line":76,"column":88},"end":{"line":76,"column":90}}]},"7":{"loc":{"start":{"line":81,"column":2},"end":{"line":83,"column":null}},"type":"if","locations":[{"start":{"line":81,"column":2},"end":{"line":83,"column":null}}]},"8":{"loc":{"start":{"line":87,"column":18},"end":{"line":87,"column":109}},"type":"cond-expr","locations":[{"start":{"line":87,"column":38},"end":{"line":87,"column":64}},{"start":{"line":87,"column":67},"end":{"line":87,"column":109}}]}},"s":{"0":1,"1":1,"2":1,"3":1,"4":1,"5":1,"6":1,"7":1,"8":1,"9":1,"10":3,"11":3,"12":3,"13":3,"14":2,"15":3,"16":3,"17":2,"18":2,"19":1,"20":3,"21":0,"22":1,"23":0,"24":0,"25":0,"26":0,"27":0,"28":0,"29":0,"30":0,"31":0,"32":0,"33":0,"34":0,"35":0,"36":0,"37":0,"38":0,"39":0,"40":0,"41":0,"42":0,"43":0,"44":0,"45":0,"46":0,"47":0,"48":0,"49":0,"50":0,"51":0,"52":0,"53":0,"54":0,"55":0,"56":0,"57":0,"58":0,"59":0},"f":{"0":3,"1":3,"2":2,"3":0,"4":0,"5":0,"6":0,"7":0,"8":0,"9":0,"10":0,"11":0,"12":0,"13":0},"b":{"0":[2],"1":[3],"2":[1],"3":[3,1],"4":[3,2],"5":[0,0],"6":[0,0],"7":[0],"8":[0,0]}}
}
