TN:
SF:pages/index.tsx
FN:20,(anonymous_1)
FN:21,(anonymous_2)
FN:35,handleError
FN:49,(anonymous_4)
FN:56,getServerSideProps
FN:99,returnPropsForOnError
FN:108,getMockDataForOnError
FN:129,initModalForError
FN:130,(anonymous_9)
FN:131,(anonymous_10)
FN:132,(anonymous_11)
FN:133,(anonymous_12)
FN:134,(anonymous_13)
FN:136,handleReload
FNF:14
FNH:3
FNDA:3,(anonymous_1)
FNDA:3,(anonymous_2)
FNDA:2,handleError
FNDA:0,(anonymous_4)
FNDA:0,getServerSideProps
FNDA:0,returnPropsForOnError
FNDA:0,getMockDataForOnError
FNDA:0,initModalForError
FNDA:0,(anonymous_9)
FNDA:0,(anonymous_10)
FNDA:0,(anonymous_11)
FNDA:0,(anonymous_12)
FNDA:0,(anonymous_13)
FNDA:0,handleReload
DA:2,1
DA:3,1
DA:4,1
DA:6,1
DA:7,1
DA:8,1
DA:9,1
DA:11,1
DA:20,1
DA:21,3
DA:22,3
DA:24,3
DA:25,2
DA:28,3
DA:29,3
DA:36,2
DA:37,2
DA:41,3
DA:49,0
DA:54,1
DA:56,1
DA:57,0
DA:59,0
DA:60,0
DA:62,0
DA:64,0
DA:65,0
DA:67,0
DA:68,0
DA:70,0
DA:74,0
DA:75,0
DA:76,0
DA:78,0
DA:81,0
DA:82,0
DA:86,0
DA:87,0
DA:90,0
DA:100,0
DA:109,0
DA:130,0
DA:131,0
DA:132,0
DA:133,0
DA:134,0
DA:137,0
DA:139,0
DA:142,0
DA:143,0
DA:144,0
DA:145,0
DA:146,0
LF:53
LH:20
BRDA:24,0,0,2
BRDA:28,1,0,3
BRDA:37,2,0,1
BRDA:48,3,0,3
BRDA:48,3,1,1
BRDA:49,4,0,3
BRDA:49,4,1,2
BRDA:67,5,0,0
BRDA:67,5,1,0
BRDA:76,6,0,0
BRDA:76,6,1,0
BRDA:81,7,0,0
BRDA:87,8,0,0
BRDA:87,8,1,0
BRF:14
BRH:7
end_of_record
