TN:
SF:components/DownloadField/index.tsx
FN:16,DownloadField
FN:21,saveFile
FN:34,deleteAndRetry
FN:41,(anonymous_4)
FN:48,(anonymous_5)
FN:51,(anonymous_6)
FN:54,(anonymous_7)
FNF:7
FNH:7
FNDA:9,DownloadField
FNDA:2,saveFile
FNDA:1,deleteAndRetry
FNDA:1,(anonymous_4)
FNDA:2,(anonymous_5)
FNDA:1,(anonymous_6)
FNDA:2,(anonymous_7)
DA:1,2
DA:2,2
DA:3,2
DA:5,2
DA:7,2
DA:17,9
DA:18,9
DA:22,2
DA:23,0
DA:24,0
DA:25,0
DA:26,0
DA:27,0
DA:29,0
DA:35,1
DA:36,1
DA:39,9
DA:41,1
DA:48,2
DA:51,1
DA:54,2
DA:62,2
LF:22
LH:16
BRDA:22,0,0,0
BRDA:24,1,0,0
BRDA:24,1,1,0
BRDA:26,2,0,0
BRDA:26,2,1,0
BRDA:41,3,0,9
BRDA:41,3,1,2
BRF:7
BRH:2
end_of_record
TN:
SF:components/SideBar/index.tsx
FN:18,(anonymous_1)
FN:27,(anonymous_2)
FN:28,(anonymous_3)
FN:33,(anonymous_4)
FN:37,(anonymous_5)
FN:53,(anonymous_6)
FN:57,(anonymous_7)
FN:58,(anonymous_8)
FNF:8
FNH:3
FNDA:2,(anonymous_1)
FNDA:0,(anonymous_2)
FNDA:0,(anonymous_3)
FNDA:0,(anonymous_4)
FNDA:2,(anonymous_5)
FNDA:0,(anonymous_6)
FNDA:4,(anonymous_7)
FNDA:0,(anonymous_8)
DA:1,2
DA:2,2
DA:3,2
DA:19,2
DA:21,2
DA:28,0
DA:34,0
DA:38,2
DA:39,2
DA:41,2
DA:46,2
DA:51,2
DA:53,0
DA:58,4
DA:67,2
LF:15
LH:12
BRDA:52,0,0,2
BRDA:52,0,1,0
BRDA:53,1,0,2
BRDA:53,1,1,0
BRDA:54,2,0,2
BRDA:54,2,1,0
BRDA:56,3,0,2
BRDA:56,3,1,2
BRF:8
BRH:5
end_of_record
TN:
SF:pages/index.tsx
FN:20,(anonymous_1)
FN:21,(anonymous_2)
FN:30,getDownloadImage
FN:69,(anonymous_4)
FN:78,handleError
FN:92,(anonymous_6)
FN:99,getServerSideProps
FN:132,parseActions
FN:140,returnPropsForOnError
FN:149,getMockDataForOnError
FN:170,initModalForError
FN:171,(anonymous_12)
FN:172,(anonymous_13)
FN:173,(anonymous_14)
FN:174,(anonymous_15)
FN:175,(anonymous_16)
FN:177,handleReload
FN:190,getSessionIdCookieIfAvailable
FN:191,(anonymous_19)
FN:192,(anonymous_20)
FNF:20
FNH:6
FNDA:3,(anonymous_1)
FNDA:3,(anonymous_2)
FNDA:0,getDownloadImage
FNDA:0,(anonymous_4)
FNDA:2,handleError
FNDA:0,(anonymous_6)
FNDA:0,getServerSideProps
FNDA:0,parseActions
FNDA:0,returnPropsForOnError
FNDA:0,getMockDataForOnError
FNDA:0,initModalForError
FNDA:0,(anonymous_12)
FNDA:0,(anonymous_13)
FNDA:0,(anonymous_14)
FNDA:0,(anonymous_15)
FNDA:0,(anonymous_16)
FNDA:0,handleReload
FNDA:3,getSessionIdCookieIfAvailable
FNDA:3,(anonymous_19)
FNDA:3,(anonymous_20)
DA:2,1
DA:3,1
DA:4,1
DA:6,1
DA:7,1
DA:8,1
DA:9,1
DA:11,1
DA:20,1
DA:21,3
DA:22,3
DA:23,3
DA:24,3
DA:26,3
DA:27,2
DA:31,0
DA:32,0
DA:33,0
DA:35,0
DA:38,0
DA:39,0
DA:40,0
DA:42,0
DA:43,0
DA:44,0
DA:53,0
DA:56,0
DA:57,0
DA:63,3
DA:64,3
DA:65,3
DA:67,3
DA:68,0
DA:69,0
DA:70,0
DA:73,3
DA:79,2
DA:80,2
DA:84,3
DA:92,0
DA:97,1
DA:99,1
DA:102,0
DA:103,0
DA:105,0
DA:106,0
DA:108,0
DA:112,0
DA:114,0
DA:115,0
DA:119,0
DA:120,0
DA:123,0
DA:133,0
DA:141,0
DA:150,0
DA:171,0
DA:172,0
DA:173,0
DA:174,0
DA:175,0
DA:178,0
DA:180,0
DA:183,0
DA:184,0
DA:185,0
DA:186,0
DA:187,0
DA:191,3
DA:192,3
DA:194,3
DA:195,3
DA:198,0
LF:73
LH:29
BRDA:26,0,0,2
BRDA:56,1,0,0
BRDA:63,2,0,3
BRDA:64,3,0,3
BRDA:67,4,0,0
BRDA:67,4,1,3
BRDA:80,5,0,1
BRDA:91,6,0,3
BRDA:91,6,1,1
BRDA:92,7,0,3
BRDA:92,7,1,2
BRDA:92,8,0,2
BRDA:92,8,1,0
BRDA:105,9,0,0
BRDA:105,9,1,0
BRDA:114,10,0,0
BRDA:120,11,0,0
BRDA:120,11,1,0
BRDA:136,12,0,0
BRDA:136,12,1,0
BRDA:194,13,0,3
BRF:21
BRH:11
end_of_record
TN:
SF:utils/axiosInterceptor.ts
FN:8,axiosGetIpInterceptor
FN:26,(anonymous_2)
FN:45,axiosPostIpInterceptor
FN:66,axiosObjectInterceptor
FNF:4
FNH:0
FNDA:0,axiosGetIpInterceptor
FNDA:0,(anonymous_2)
FNDA:0,axiosPostIpInterceptor
FNDA:0,axiosObjectInterceptor
DA:1,1
DA:2,1
DA:3,1
DA:4,1
DA:6,1
DA:9,0
DA:11,0
DA:12,0
DA:13,0
DA:15,0
DA:16,0
DA:18,0
DA:22,0
DA:23,0
DA:26,0
DA:29,0
DA:31,0
DA:32,0
DA:34,0
DA:35,0
DA:37,0
DA:42,0
DA:46,0
DA:68,0
DA:69,0
DA:71,0
DA:72,0
DA:74,0
DA:77,0
LF:29
LH:5
BRDA:11,0,0,0
BRDA:11,0,1,0
BRDA:15,1,0,0
BRDA:15,1,1,0
BRDA:34,2,0,0
BRDA:34,2,1,0
BRDA:71,3,0,0
BRDA:71,3,1,0
BRF:8
BRH:0
end_of_record
